2025-03-28 17:13:27.307733 - Received CBT.V508.FILE025.PDS from FILE025.XMI 
2025-03-28 17:13:27.309113 - Found $$$#DATE.txt (text/plain) in CBT.V508.FILE025.PDS, moved to PDS/$$$#DATE
2025-03-28 17:13:27.309805 - Found $$OLDSTF.txt (text/plain) in CBT.V508.FILE025.PDS, moved to PDS/$$OLDSTF
2025-03-28 17:13:27.311327 - Found $DISCLAM.txt (text/plain) in CBT.V508.FILE025.PDS, moved to PDS/$DISCLAM
2025-03-28 17:13:27.312303 - Found $DOC.txt (text/plain) in CBT.V508.FILE025.PDS, moved to PDS/$DOC
2025-03-28 17:13:27.312851 - Found $PDSLOAD.jcl (text/plain) in CBT.V508.FILE025.PDS, moved to PDS/$PDSLOAD
2025-03-28 17:13:27.313395 - Found $PDSLOAE.jcl (text/plain) in CBT.V508.FILE025.PDS, moved to PDS/$PDSLOAE
2025-03-28 17:13:27.314469 - Found @FILE025.txt (text/plain) in CBT.V508.FILE025.PDS, moved to PDS/@FILE025
2025-03-28 17:13:27.315899 - Found BEGIN.txt (text/plain) in CBT.V508.FILE025.PDS, moved to PDS/BEGIN
2025-03-28 17:13:27.317400 - Found CONESA.txt (text/plain) in CBT.V508.FILE025.PDS, moved to PDS/CONESA
2025-03-28 17:13:27.318856 - Found CONESAJ.jcl (text/plain) in CBT.V508.FILE025.PDS, moved to PDS/CONESAJ
2025-03-28 17:13:27.320452 - Found CONS390.txt (text/plain) in CBT.V508.FILE025.PDS, moved to PDS/CONS390
2025-03-28 17:13:27.321316 - Found CONS390J.jcl (text/plain) in CBT.V508.FILE025.PDS, moved to PDS/CONS390J
2025-03-28 17:13:27.321845 - Found IEBCOPY.jcl (text/plain) in CBT.V508.FILE025.PDS, moved to PDS/IEBCOPY
2025-03-28 17:13:27.322481 - Found IKJTSO00.txt (text/plain) in CBT.V508.FILE025.PDS, moved to PDS/IKJTSO00
2025-03-28 17:13:27.323445 - Found KLEENUP.rexx (text/plain) in CBT.V508.FILE025.PDS, moved to PDS/KLEENUP
2025-03-28 17:13:27.324769 - Found KLEENUPJ.jcl (text/plain) in CBT.V508.FILE025.PDS, moved to PDS/KLEENUPJ
2025-03-28 17:13:27.326514 - Found MTTESA.txt (text/plain) in CBT.V508.FILE025.PDS, moved to PDS/MTTESA
2025-03-28 17:13:27.327620 - Found MTTESAJ.jcl (text/plain) in CBT.V508.FILE025.PDS, moved to PDS/MTTESAJ
2025-03-28 17:13:27.328287 - Found MTT390J.jcl (text/plain) in CBT.V508.FILE025.PDS, moved to PDS/MTT390J
2025-03-28 17:13:27.329019 - Found OLDESAVR.txt (text/plain) in CBT.V508.FILE025.PDS, moved to PDS/OLDESAVR
2025-03-28 17:13:27.330056 - Found OLDVERS.txt (text/plain) in CBT.V508.FILE025.PDS, moved to PDS/OLDVERS
2025-03-28 17:13:27.331498 - Found RESTESA.txt (text/plain) in CBT.V508.FILE025.PDS, moved to PDS/RESTESA
2025-03-28 17:13:27.332363 - Found SASSRCHD.jcl (text/plain) in CBT.V508.FILE025.PDS, moved to PDS/SASSRCHD
2025-03-28 17:13:27.333197 - Found SASSRCHV.jcl (text/plain) in CBT.V508.FILE025.PDS, moved to PDS/SASSRCHV
2025-03-28 17:13:27.334648 - Found ZTPPWTO.jcl (text/plain) in CBT.V508.FILE025.PDS, moved to PDS/ZTPPWTO
